\BOOKMARK [0][-]{chapter.1}{Einleitung}{}% 1
\BOOKMARK [0][-]{chapter.2}{Anforderungen}{}% 2
\BOOKMARK [1][-]{section.2.1}{Aufgabenstellung}{chapter.2}% 3
\BOOKMARK [1][-]{section.2.2}{Usecase}{chapter.2}% 4
\BOOKMARK [1][-]{section.2.3}{MoSCoW Priorisierung}{chapter.2}% 5
\BOOKMARK [0][-]{chapter.3}{Stand der Technik}{}% 6
\BOOKMARK [1][-]{section.3.1}{Gesichtserkennung vs. Emotionserkennung}{chapter.3}% 7
\BOOKMARK [2][-]{subsection.3.1.1}{Gesichtserkennung}{section.3.1}% 8
\BOOKMARK [2][-]{subsection.3.1.2}{Emotionserkennung}{section.3.1}% 9
\BOOKMARK [3][-]{subsubsection.3.1.2.1}{Emotionen}{subsection.3.1.2}% 10
\BOOKMARK [3][-]{subsubsection.3.1.2.2}{Abgrenzung zur Gesichtserkennung}{subsection.3.1.2}% 11
\BOOKMARK [3][-]{subsubsection.3.1.2.3}{Wann ist ein Gesicht ein Pokerface?}{subsection.3.1.2}% 12
\BOOKMARK [1][-]{section.3.2}{Emotionserkennung mithilfe von Deep Learning}{chapter.3}% 13
\BOOKMARK [2][-]{subsection.3.2.1}{Machine Learning - Frameworks}{section.3.2}% 14
\BOOKMARK [3][-]{subsubsection.3.2.1.1}{Dlib}{subsection.3.2.1}% 15
\BOOKMARK [3][-]{subsubsection.3.2.1.2}{Keras}{subsection.3.2.1}% 16
\BOOKMARK [3][-]{subsubsection.3.2.1.3}{Unterschiede}{subsection.3.2.1}% 17
\BOOKMARK [2][-]{subsection.3.2.2}{Supervised vs. Unsupervised Learning}{section.3.2}% 18
\BOOKMARK [1][-]{section.3.3}{Gesichtserkennung mit Opencv}{chapter.3}% 19
\BOOKMARK [2][-]{subsection.3.3.1}{Opencv Klassifizierer}{section.3.3}% 20
\BOOKMARK [3][-]{subsubsection.3.3.1.1}{HAAR Cascade Klassifizierer}{subsection.3.3.1}% 21
\BOOKMARK [3][-]{subsubsection.3.3.1.2}{Gesichtserkennungs Algorithmen}{subsection.3.3.1}% 22
\BOOKMARK [2][-]{subsection.3.3.2}{Eingabe Daten}{section.3.3}% 23
\BOOKMARK [0][-]{chapter.4}{Stand-Alone L\366sung mit Schwerpunkt OpenCV}{}% 24
\BOOKMARK [1][-]{section.4.1}{Konzept}{chapter.4}% 25
\BOOKMARK [2][-]{subsection.4.1.1}{Interaktionskonzept}{section.4.1}% 26
\BOOKMARK [2][-]{subsection.4.1.2}{Architektur}{section.4.1}% 27
\BOOKMARK [3][-]{subsubsection.4.1.2.1}{Programmierumgebung}{subsection.4.1.2}% 28
\BOOKMARK [3][-]{subsubsection.4.1.2.2}{Hardware}{subsection.4.1.2}% 29
\BOOKMARK [1][-]{section.4.2}{Umsetzung}{chapter.4}% 30
\BOOKMARK [2][-]{subsection.4.2.1}{Input GUI}{section.4.2}% 31
\BOOKMARK [2][-]{subsection.4.2.2}{Dataset}{section.4.2}% 32
\BOOKMARK [2][-]{subsection.4.2.3}{Training}{section.4.2}% 33
\BOOKMARK [2][-]{subsection.4.2.4}{Testing}{section.4.2}% 34
\BOOKMARK [2][-]{subsection.4.2.5}{Optimierung der L\366sung}{section.4.2}% 35
\BOOKMARK [0][-]{chapter.5}{Server-Client L\366sung}{}% 36
\BOOKMARK [1][-]{section.5.1}{Konzept}{chapter.5}% 37
\BOOKMARK [2][-]{subsection.5.1.1}{Programmierumgebung}{section.5.1}% 38
\BOOKMARK [2][-]{subsection.5.1.2}{Hardware}{section.5.1}% 39
\BOOKMARK [1][-]{section.5.2}{Umsetzung}{chapter.5}% 40
\BOOKMARK [2][-]{subsection.5.2.1}{Dataset}{section.5.2}% 41
\BOOKMARK [2][-]{subsection.5.2.2}{Modell}{section.5.2}% 42
\BOOKMARK [2][-]{subsection.5.2.3}{Trainieren des Modells}{section.5.2}% 43
\BOOKMARK [2][-]{subsection.5.2.4}{Testen des Modells}{section.5.2}% 44
\BOOKMARK [2][-]{subsection.5.2.5}{Optimierung des Modells}{section.5.2}% 45
\BOOKMARK [2][-]{subsection.5.2.6}{Webserver}{section.5.2}% 46
\BOOKMARK [2][-]{subsection.5.2.7}{Client}{section.5.2}% 47
\BOOKMARK [0][-]{chapter.6}{Ergebnis}{}% 48
\BOOKMARK [0][-]{chapter.7}{Diskussion}{}% 49
\BOOKMARK [1][-]{section.7.1}{Reflexion der Ergebnisse}{chapter.7}% 50
\BOOKMARK [2][-]{subsection.7.1.1}{Alternativen}{section.7.1}% 51
\BOOKMARK [1][-]{section.7.2}{Reflexion Vorgehen}{chapter.7}% 52
\BOOKMARK [1][-]{section.7.3}{Reflexion der Literatur}{chapter.7}% 53
\BOOKMARK [1][-]{section.7.4}{Offene Implikationen}{chapter.7}% 54
\BOOKMARK [0][-]{chapter.8}{Ausblick}{}% 55
\BOOKMARK [1][-]{section.8.1}{Alternative Ans\344tze zur Umsetzung von Emotionserkennung}{chapter.8}% 56
