This is pdfTeX, Version 3.14159265-2.6-1.40.20 (MiKTeX 2.9.7250 64-bit) (preloaded format=pdflatex 2020.3.15)  21 APR 2020 17:27
entering extended mode
**c:/Users/Kevin/Documents/OpenCVClone/Studienarbeit/Praxisarbeit-template.tex
(c:/Users/Kevin/Documents/OpenCVClone/Studienarbeit/Praxisarbeit-template.tex
LaTeX2e <2019-10-01> patch level 3
("C:\Program Files\MiKTeX 2.9\tex/latex/base\report.cls"
Document Class: report 2019/10/25 v1.4k Standard LaTeX document class
("C:\Program Files\MiKTeX 2.9\tex/latex/base\size12.clo"
File: size12.clo 2019/10/25 v1.4k Standard LaTeX file (size option)
)
\c@part=\count80
\c@chapter=\count81
\c@section=\count82
\c@subsection=\count83
\c@subsubsection=\count84
\c@paragraph=\count85
\c@subparagraph=\count86
\c@figure=\count87
\c@table=\count88
\abovecaptionskip=\skip41
\belowcaptionskip=\skip42
\bibindent=\dimen102
) ("C:\Program Files\MiKTeX 2.9\tex/latex/base\inputenc.sty"
Package: inputenc 2018/08/11 v1.3c Input encoding file
\inpenc@prehook=\toks14
\inpenc@posthook=\toks15
) ("C:\Program Files\MiKTeX 2.9\tex/latex/csquotes\csquotes.sty"
Package: csquotes 2019-12-06 v5.2j context-sensitive quotations (JAW)
 ("C:\Program Files\MiKTeX 2.9\tex/latex/etoolbox\etoolbox.sty"
Package: etoolbox 2019/09/21 v2.5h e-TeX tools for LaTeX (JAW)
\etb@tempcnta=\count89
) ("C:\Program Files\MiKTeX 2.9\tex/latex/graphics\keyval.sty"
Package: keyval 2014/10/28 v1.15 key=value parser (DPC)
\KV@toks@=\toks16
)
\csq@reset=\count90
\csq@gtype=\count91
\csq@glevel=\count92
\csq@qlevel=\count93
\csq@maxlvl=\count94
\csq@tshold=\count95
\csq@ltx@everypar=\toks17
 ("C:\Program Files\MiKTeX 2.9\tex/latex/csquotes\csquotes.def"
File: csquotes.def 2019-12-06 v5.2j csquotes generic definitions (JAW)
)
Package csquotes Info: Trying to load configuration file 'csquotes.cfg'...
Package csquotes Info: ... configuration file loaded successfully.
 ("C:\Program Files\MiKTeX 2.9\tex/latex/csquotes\csquotes.cfg"
File: csquotes.cfg 
)) ("C:\Program Files\MiKTeX 2.9\tex/generic/babel\babel.sty"
Package: babel 2019/11/14 3.36 The Babel package
 ("C:\Program Files\MiKTeX 2.9\tex/generic/babel\switch.def"
File: switch.def 2019/11/14 3.36 Babel switching mechanism
)
*************************************
* Local config file bblopts.cfg used
*
("C:\Program Files\MiKTeX 2.9\tex/latex/arabi\bblopts.cfg"
File: bblopts.cfg 2005/09/08 v0.1 add Arabic and Farsi to "declared" options of babel
) ("C:\Program Files\MiKTeX 2.9\tex/latex/babel-german\german.ldf"
Language: german 2018/12/08 v2.11 German support for babel (pre-1996 orthography)
 ("C:\Program Files\MiKTeX 2.9\tex/latex/babel-german\germanb.ldf"
Language: germanb 2018/12/08 v2.11 German support for babel (pre-1996 orthography)
 ("C:\Program Files\MiKTeX 2.9\tex/generic/babel\babel.def"
File: babel.def 2019/11/14 3.36 Babel common definitions
\babel@savecnt=\count96
\U@D=\dimen103
 ("C:\Program Files\MiKTeX 2.9\tex/generic/babel\txtbabel.def")
\bbl@dirlevel=\count97
)
Package babel Info: Making " an active character on input line 135.
))) ("C:\Program Files\MiKTeX 2.9\tex/latex/hyperref\hyperref.sty"
Package: hyperref 2019/11/10 v7.00c Hypertext links for LaTeX
 ("C:\Program Files\MiKTeX 2.9\tex/generic/oberdiek\ltxcmds.sty"
Package: ltxcmds 2016/05/16 v1.23 LaTeX kernel commands for general use (HO)
) ("C:\Program Files\MiKTeX 2.9\tex/generic/iftex\iftex.sty"
Package: iftex 2019/11/07 v1.0c TeX engine tests
) ("C:\Program Files\MiKTeX 2.9\tex/latex/pdftexcmds\pdftexcmds.sty"
Package: pdftexcmds 2019/11/24 v0.31 Utility functions of pdfTeX for LuaTeX (HO)
 ("C:\Program Files\MiKTeX 2.9\tex/generic/oberdiek\infwarerr.sty"
Package: infwarerr 2016/05/16 v1.4 Providing info/warning/error messages (HO)
)
Package pdftexcmds Info: \pdf@primitive is available.
Package pdftexcmds Info: \pdf@ifprimitive is available.
Package pdftexcmds Info: \pdfdraftmode found.
) ("C:\Program Files\MiKTeX 2.9\tex/generic/oberdiek\kvsetkeys.sty"
Package: kvsetkeys 2016/05/16 v1.17 Key value parser (HO)
 ("C:\Program Files\MiKTeX 2.9\tex/generic/oberdiek\etexcmds.sty"
Package: etexcmds 2016/05/16 v1.6 Avoid name clashes with e-TeX commands (HO)
 ("C:\Program Files\MiKTeX 2.9\tex/generic/iftex\ifluatex.sty"
Package: ifluatex 2019/10/25 v1.5 ifluatex legacy package. Use iftex instead.
))) ("C:\Program Files\MiKTeX 2.9\tex/generic/oberdiek\kvdefinekeys.sty"
Package: kvdefinekeys 2016/05/16 v1.4 Define keys (HO)
) ("C:\Program Files\MiKTeX 2.9\tex/generic/oberdiek\pdfescape.sty"
Package: pdfescape 2016/05/16 v1.14 Implements pdfTeX's escape features (HO)
) ("C:\Program Files\MiKTeX 2.9\tex/latex/oberdiek\hycolor.sty"
Package: hycolor 2016/05/16 v1.8 Color options for hyperref/bookmark (HO)
 ("C:\Program Files\MiKTeX 2.9\tex/latex/oberdiek\xcolor-patch.sty"
Package: xcolor-patch 2016/05/16 xcolor patch
 ("C:\Program Files\MiKTeX 2.9\tex/latex/oberdiek\hopatch.sty"
Package: hopatch 2016/05/16 v1.3 Wrapper for package hooks (HO)
))) ("C:\Program Files\MiKTeX 2.9\tex/latex/oberdiek\letltxmacro.sty"
Package: letltxmacro 2016/05/16 v1.5 Let assignment for LaTeX macros (HO)
) ("C:\Program Files\MiKTeX 2.9\tex/latex/oberdiek\auxhook.sty"
Package: auxhook 2016/05/16 v1.4 Hooks for auxiliary files (HO)
) ("C:\Program Files\MiKTeX 2.9\tex/latex/oberdiek\kvoptions.sty"
Package: kvoptions 2016/05/16 v3.12 Key value format for package options (HO)
)
\@linkdim=\dimen104
\Hy@linkcounter=\count98
\Hy@pagecounter=\count99
 ("C:\Program Files\MiKTeX 2.9\tex/latex/hyperref\pd1enc.def"
File: pd1enc.def 2019/11/10 v7.00c Hyperref: PDFDocEncoding definition (HO)
Now handling font encoding PD1 ...
... no UTF-8 mapping file for font encoding PD1
) ("C:\Program Files\MiKTeX 2.9\tex/generic/oberdiek\intcalc.sty"
Package: intcalc 2016/05/16 v1.2 Expandable calculations with integers (HO)
)
\Hy@SavedSpaceFactor=\count100
 ("C:\Program Files\MiKTeX 2.9\tex/latex/00miktex\hyperref.cfg"
File: hyperref.cfg 2002/06/06 v1.2 hyperref configuration of TeXLive
)
Package hyperref Info: Hyper figures OFF on input line 4535.
Package hyperref Info: Link nesting OFF on input line 4540.
Package hyperref Info: Hyper index ON on input line 4543.
Package hyperref Info: Plain pages OFF on input line 4550.
Package hyperref Info: Backreferencing OFF on input line 4555.
Package hyperref Info: Implicit mode ON; LaTeX internals redefined.
Package hyperref Info: Bookmarks ON on input line 4788.
\c@Hy@tempcnt=\count101
 ("C:\Program Files\MiKTeX 2.9\tex/latex/url\url.sty"
\Urlmuskip=\muskip10
Package: url 2013/09/16  ver 3.4  Verb mode for urls, etc.
)
LaTeX Info: Redefining \url on input line 5147.
\XeTeXLinkMargin=\dimen105
 ("C:\Program Files\MiKTeX 2.9\tex/generic/oberdiek\bitset.sty"
Package: bitset 2016/05/16 v1.2 Handle bit-vector datatype (HO)
 ("C:\Program Files\MiKTeX 2.9\tex/generic/oberdiek\bigintcalc.sty"
Package: bigintcalc 2016/05/16 v1.4 Expandable calculations on big integers (HO)
))
\Fld@menulength=\count102
\Field@Width=\dimen106
\Fld@charsize=\dimen107
Package hyperref Info: Hyper figures OFF on input line 6418.
Package hyperref Info: Link nesting OFF on input line 6423.
Package hyperref Info: Hyper index ON on input line 6426.
Package hyperref Info: backreferencing OFF on input line 6433.
Package hyperref Info: Link coloring OFF on input line 6438.
Package hyperref Info: Link coloring with OCG OFF on input line 6443.
Package hyperref Info: PDF/A mode OFF on input line 6448.
LaTeX Info: Redefining \ref on input line 6488.
LaTeX Info: Redefining \pageref on input line 6492.
 ("C:\Program Files\MiKTeX 2.9\tex/generic/oberdiek\atbegshi.sty"
Package: atbegshi 2016/06/09 v1.18 At begin shipout hook (HO)
 ("C:\Program Files\MiKTeX 2.9\tex/generic/iftex\ifpdf.sty"
Package: ifpdf 2019/10/25 v3.4 ifpdf legacy package. Use iftex instead.
))
\Hy@abspage=\count103
\c@Item=\count104
\c@Hfootnote=\count105
)
Package hyperref Info: Driver (autodetected): hpdftex.
 ("C:\Program Files\MiKTeX 2.9\tex/latex/hyperref\hpdftex.def"
File: hpdftex.def 2019/11/10 v7.00c Hyperref driver for pdfTeX
 ("C:\Program Files\MiKTeX 2.9\tex/latex/oberdiek\atveryend.sty"
Package: atveryend 2016/05/16 v1.9 Hooks at the very end of document (HO)
)
\Fld@listcount=\count106
\c@bookmark@seq@number=\count107
 ("C:\Program Files\MiKTeX 2.9\tex/latex/oberdiek\rerunfilecheck.sty"
Package: rerunfilecheck 2016/05/16 v1.8 Rerun checks for auxiliary files (HO)
 ("C:\Program Files\MiKTeX 2.9\tex/generic/oberdiek\uniquecounter.sty"
Package: uniquecounter 2016/05/16 v1.3 Provide unlimited unique counter (HO)
)
Package uniquecounter Info: New unique counter `rerunfilecheck' on input line 285.
)
\Hy@SectionHShift=\skip43
) ("C:\Program Files\MiKTeX 2.9\tex/latex/setspace\setspace.sty"
Package: setspace 2011/12/19 v6.7a set line spacing
) ("C:\Program Files\MiKTeX 2.9\tex/latex/geometry\geometry.sty"
Package: geometry 2020/01/02 v5.9 Page Geometry
 ("C:\Program Files\MiKTeX 2.9\tex/generic/iftex\ifvtex.sty"
Package: ifvtex 2019/10/25 v1.7 ifvtex legacy package. Use iftex instead.
)
\Gm@cnth=\count108
\Gm@cntv=\count109
\c@Gm@tempcnt=\count110
\Gm@bindingoffset=\dimen108
\Gm@wd@mp=\dimen109
\Gm@odd@mp=\dimen110
\Gm@even@mp=\dimen111
\Gm@layoutwidth=\dimen112
\Gm@layoutheight=\dimen113
\Gm@layouthoffset=\dimen114
\Gm@layoutvoffset=\dimen115
\Gm@dimlist=\toks18
 ("C:\Program Files\MiKTeX 2.9\tex/latex/geometry\geometry.cfg")) ("C:\Program Files\MiKTeX 2.9\tex/latex/graphics\color.sty"
Package: color 2016/07/10 v1.1e Standard LaTeX Color (DPC)
 ("C:\Program Files\MiKTeX 2.9\tex/latex/graphics-cfg\color.cfg"
File: color.cfg 2016/01/02 v1.6 sample color configuration
)
Package color Info: Driver file: pdftex.def on input line 147.
 ("C:\Program Files\MiKTeX 2.9\tex/latex/graphics-def\pdftex.def"
File: pdftex.def 2018/01/08 v1.0l Graphics/color driver for pdftex
)) ("C:\Program Files\MiKTeX 2.9\tex/latex/listings\listings.sty"
\lst@mode=\count111
\lst@gtempboxa=\box27
\lst@token=\toks19
\lst@length=\count112
\lst@currlwidth=\dimen116
\lst@column=\count113
\lst@pos=\count114
\lst@lostspace=\dimen117
\lst@width=\dimen118
\lst@newlines=\count115
\lst@lineno=\count116
\lst@maxwidth=\dimen119
 ("C:\Program Files\MiKTeX 2.9\tex/latex/listings\lstmisc.sty"
File: lstmisc.sty 2019/09/10 1.8c (Carsten Heinz)
\c@lstnumber=\count117
\lst@skipnumbers=\count118
\lst@framebox=\box28
) ("C:\Program Files\MiKTeX 2.9\tex/latex/listings\listings.cfg"
File: listings.cfg 2019/09/10 1.8c listings configuration
))
Package: listings 2019/09/10 1.8c (Carsten Heinz)
 ("C:\Program Files\MiKTeX 2.9\tex/latex/graphics\graphicx.sty"
Package: graphicx 2017/06/01 v1.1a Enhanced LaTeX Graphics (DPC,SPQR)
 ("C:\Program Files\MiKTeX 2.9\tex/latex/graphics\graphics.sty"
Package: graphics 2019/11/01 v1.3d Standard LaTeX Graphics (DPC,SPQR)
 ("C:\Program Files\MiKTeX 2.9\tex/latex/graphics\trig.sty"
Package: trig 2016/01/03 v1.10 sin cos tan (DPC)
) ("C:\Program Files\MiKTeX 2.9\tex/latex/graphics-cfg\graphics.cfg"
File: graphics.cfg 2016/06/04 v1.11 sample graphics configuration
)
Package graphics Info: Driver file: pdftex.def on input line 105.
)
\Gin@req@height=\dimen120
\Gin@req@width=\dimen121
) ("C:\Program Files\MiKTeX 2.9\tex/latex/acronym\acronym.sty"
Package: acronym 2019/11/11 v1.42 Support for acronyms (Tobias Oetiker)
 ("C:\Program Files\MiKTeX 2.9\tex/latex/bigfoot\suffix.sty"
Package: suffix 2006/07/15 1.5a Variant command support
) ("C:\Program Files\MiKTeX 2.9\tex/latex/xstring\xstring.sty" ("C:\Program Files\MiKTeX 2.9\tex/generic/xstring\xstring.tex"
\integerpart=\count119
\decimalpart=\count120
)
Package: xstring 2019/02/06 v1.83 String manipulations (CT)
)
\AC@clearlist=\toks20
) ("C:\Program Files\MiKTeX 2.9\tex/latex/pgfplots\pgfplots.sty" ("C:\Program Files\MiKTeX 2.9\tex/generic/pgfplots\pgfplots.revision.tex")
Package: pgfplots 2018/03/28 v1.16 Data Visualization (1.16)
 ("C:\Program Files\MiKTeX 2.9\tex/latex/pgf/frontendlayer\tikz.sty" ("C:\Program Files\MiKTeX 2.9\tex/latex/pgf/basiclayer\pgf.sty" ("C:\Program Files\MiKTeX 2.9\tex/latex/pgf/utilities\pgfrcs.sty" ("C:\Program Files\MiKTeX 2.9\tex/generic/pgf/utilities\pgfutil-common.tex"
\pgfutil@everybye=\toks21
\pgfutil@tempdima=\dimen122
\pgfutil@tempdimb=\dimen123
 ("C:\Program Files\MiKTeX 2.9\tex/generic/pgf/utilities\pgfutil-common-lists.tex")) ("C:\Program Files\MiKTeX 2.9\tex/generic/pgf/utilities\pgfutil-latex.def"
\pgfutil@abb=\box29
 ("C:\Program Files\MiKTeX 2.9\tex/latex/ms\everyshi.sty"
Package: everyshi 2001/05/15 v3.00 EveryShipout Package (MS)
)) ("C:\Program Files\MiKTeX 2.9\tex/generic/pgf/utilities\pgfrcs.code.tex" ("C:\Program Files\MiKTeX 2.9\tex/generic/pgf\pgf.revision.tex")
Package: pgfrcs 2020/01/08 v3.1.5b (3.1.5b)
))
Package: pgf 2020/01/08 v3.1.5b (3.1.5b)
 ("C:\Program Files\MiKTeX 2.9\tex/latex/pgf/basiclayer\pgfcore.sty" ("C:\Program Files\MiKTeX 2.9\tex/latex/pgf/systemlayer\pgfsys.sty" ("C:\Program Files\MiKTeX 2.9\tex/generic/pgf/systemlayer\pgfsys.code.tex"
Package: pgfsys 2020/01/08 v3.1.5b (3.1.5b)
 ("C:\Program Files\MiKTeX 2.9\tex/generic/pgf/utilities\pgfkeys.code.tex"
\pgfkeys@pathtoks=\toks22
\pgfkeys@temptoks=\toks23
 ("C:\Program Files\MiKTeX 2.9\tex/generic/pgf/utilities\pgfkeysfiltered.code.tex"
\pgfkeys@tmptoks=\toks24
))
\pgf@x=\dimen124
\pgf@y=\dimen125
\pgf@xa=\dimen126
\pgf@ya=\dimen127
\pgf@xb=\dimen128
\pgf@yb=\dimen129
\pgf@xc=\dimen130
\pgf@yc=\dimen131
\pgf@xd=\dimen132
\pgf@yd=\dimen133
\w@pgf@writea=\write3
\r@pgf@reada=\read1
\c@pgf@counta=\count121
\c@pgf@countb=\count122
\c@pgf@countc=\count123
\c@pgf@countd=\count124
\t@pgf@toka=\toks25
\t@pgf@tokb=\toks26
\t@pgf@tokc=\toks27
\pgf@sys@id@count=\count125
 ("C:\Program Files\MiKTeX 2.9\tex/generic/pgf/systemlayer\pgf.cfg"
File: pgf.cfg 2020/01/08 v3.1.5b (3.1.5b)
)
Driver file for pgf: pgfsys-pdftex.def
 ("C:\Program Files\MiKTeX 2.9\tex/generic/pgf/systemlayer\pgfsys-pdftex.def"
File: pgfsys-pdftex.def 2020/01/08 v3.1.5b (3.1.5b)
 ("C:\Program Files\MiKTeX 2.9\tex/generic/pgf/systemlayer\pgfsys-common-pdf.def"
File: pgfsys-common-pdf.def 2020/01/08 v3.1.5b (3.1.5b)
))) ("C:\Program Files\MiKTeX 2.9\tex/generic/pgf/systemlayer\pgfsyssoftpath.code.tex"
File: pgfsyssoftpath.code.tex 2020/01/08 v3.1.5b (3.1.5b)
\pgfsyssoftpath@smallbuffer@items=\count126
\pgfsyssoftpath@bigbuffer@items=\count127
) ("C:\Program Files\MiKTeX 2.9\tex/generic/pgf/systemlayer\pgfsysprotocol.code.tex"
File: pgfsysprotocol.code.tex 2020/01/08 v3.1.5b (3.1.5b)
)) ("C:\Program Files\MiKTeX 2.9\tex/latex/xcolor\xcolor.sty"
Package: xcolor 2016/05/11 v2.12 LaTeX color extensions (UK)
 ("C:\Program Files\MiKTeX 2.9\tex/latex/graphics-cfg\color.cfg"
File: color.cfg 2016/01/02 v1.6 sample color configuration
)
Package xcolor Info: Driver file: pdftex.def on input line 225.
LaTeX Info: Redefining \color on input line 709.
Package xcolor Info: Model `cmy' substituted by `cmy0' on input line 1348.
Package xcolor Info: Model `hsb' substituted by `rgb' on input line 1352.
Package xcolor Info: Model `RGB' extended on input line 1364.
Package xcolor Info: Model `HTML' substituted by `rgb' on input line 1366.
Package xcolor Info: Model `Hsb' substituted by `hsb' on input line 1367.
Package xcolor Info: Model `tHsb' substituted by `hsb' on input line 1368.
Package xcolor Info: Model `HSB' substituted by `hsb' on input line 1369.
Package xcolor Info: Model `Gray' substituted by `gray' on input line 1370.
Package xcolor Info: Model `wave' substituted by `hsb' on input line 1371.
) ("C:\Program Files\MiKTeX 2.9\tex/generic/pgf/basiclayer\pgfcore.code.tex"
Package: pgfcore 2020/01/08 v3.1.5b (3.1.5b)
 ("C:\Program Files\MiKTeX 2.9\tex/generic/pgf/math\pgfmath.code.tex" ("C:\Program Files\MiKTeX 2.9\tex/generic/pgf/math\pgfmathcalc.code.tex" ("C:\Program Files\MiKTeX 2.9\tex/generic/pgf/math\pgfmathutil.code.tex") ("C:\Program Files\MiKTeX 2.9\tex/generic/pgf/math\pgfmathparser.code.tex"
\pgfmath@dimen=\dimen134
\pgfmath@count=\count128
\pgfmath@box=\box30
\pgfmath@toks=\toks28
\pgfmath@stack@operand=\toks29
\pgfmath@stack@operation=\toks30
) ("C:\Program Files\MiKTeX 2.9\tex/generic/pgf/math\pgfmathfunctions.code.tex" ("C:\Program Files\MiKTeX 2.9\tex/generic/pgf/math\pgfmathfunctions.basic.code.tex") ("C:\Program Files\MiKTeX 2.9\tex/generic/pgf/math\pgfmathfunctions.trigonometric.code.tex") ("C:\Program Files\MiKTeX 2.9\tex/generic/pgf/math\pgfmathfunctions.random.code.tex") ("C:\Program Files\MiKTeX 2.9\tex/generic/pgf/math\pgfmathfunctions.comparison.code.tex") ("C:\Program Files\MiKTeX 2.9\tex/generic/pgf/math\pgfmathfunctions.base.code.tex") ("C:\Program Files\MiKTeX 2.9\tex/generic/pgf/math\pgfmathfunctions.round.code.tex") ("C:\Program Files\MiKTeX 2.9\tex/generic/pgf/math\pgfmathfunctions.misc.code.tex") ("C:\Program Files\MiKTeX 2.9\tex/generic/pgf/math\pgfmathfunctions.integerarithmetics.code.tex"))) ("C:\Program Files\MiKTeX 2.9\tex/generic/pgf/math\pgfmathfloat.code.tex"
\c@pgfmathroundto@lastzeros=\count129
)) ("C:\Program Files\MiKTeX 2.9\tex/generic/pgf/math\pgfint.code.tex") ("C:\Program Files\MiKTeX 2.9\tex/generic/pgf/basiclayer\pgfcorepoints.code.tex"
File: pgfcorepoints.code.tex 2020/01/08 v3.1.5b (3.1.5b)
\pgf@picminx=\dimen135
\pgf@picmaxx=\dimen136
\pgf@picminy=\dimen137
\pgf@picmaxy=\dimen138
\pgf@pathminx=\dimen139
\pgf@pathmaxx=\dimen140
\pgf@pathminy=\dimen141
\pgf@pathmaxy=\dimen142
\pgf@xx=\dimen143
\pgf@xy=\dimen144
\pgf@yx=\dimen145
\pgf@yy=\dimen146
\pgf@zx=\dimen147
\pgf@zy=\dimen148
) ("C:\Program Files\MiKTeX 2.9\tex/generic/pgf/basiclayer\pgfcorepathconstruct.code.tex"
File: pgfcorepathconstruct.code.tex 2020/01/08 v3.1.5b (3.1.5b)
\pgf@path@lastx=\dimen149
\pgf@path@lasty=\dimen150
) ("C:\Program Files\MiKTeX 2.9\tex/generic/pgf/basiclayer\pgfcorepathusage.code.tex"
File: pgfcorepathusage.code.tex 2020/01/08 v3.1.5b (3.1.5b)
\pgf@shorten@end@additional=\dimen151
\pgf@shorten@start@additional=\dimen152
) ("C:\Program Files\MiKTeX 2.9\tex/generic/pgf/basiclayer\pgfcorescopes.code.tex"
File: pgfcorescopes.code.tex 2020/01/08 v3.1.5b (3.1.5b)
\pgfpic=\box31
\pgf@hbox=\box32
\pgf@layerbox@main=\box33
\pgf@picture@serial@count=\count130
) ("C:\Program Files\MiKTeX 2.9\tex/generic/pgf/basiclayer\pgfcoregraphicstate.code.tex"
File: pgfcoregraphicstate.code.tex 2020/01/08 v3.1.5b (3.1.5b)
\pgflinewidth=\dimen153
) ("C:\Program Files\MiKTeX 2.9\tex/generic/pgf/basiclayer\pgfcoretransformations.code.tex"
File: pgfcoretransformations.code.tex 2020/01/08 v3.1.5b (3.1.5b)
\pgf@pt@x=\dimen154
\pgf@pt@y=\dimen155
\pgf@pt@temp=\dimen156
) ("C:\Program Files\MiKTeX 2.9\tex/generic/pgf/basiclayer\pgfcorequick.code.tex"
File: pgfcorequick.code.tex 2020/01/08 v3.1.5b (3.1.5b)
) ("C:\Program Files\MiKTeX 2.9\tex/generic/pgf/basiclayer\pgfcoreobjects.code.tex"
File: pgfcoreobjects.code.tex 2020/01/08 v3.1.5b (3.1.5b)
) ("C:\Program Files\MiKTeX 2.9\tex/generic/pgf/basiclayer\pgfcorepathprocessing.code.tex"
File: pgfcorepathprocessing.code.tex 2020/01/08 v3.1.5b (3.1.5b)
) ("C:\Program Files\MiKTeX 2.9\tex/generic/pgf/basiclayer\pgfcorearrows.code.tex"
File: pgfcorearrows.code.tex 2020/01/08 v3.1.5b (3.1.5b)
\pgfarrowsep=\dimen157
) ("C:\Program Files\MiKTeX 2.9\tex/generic/pgf/basiclayer\pgfcoreshade.code.tex"
File: pgfcoreshade.code.tex 2020/01/08 v3.1.5b (3.1.5b)
\pgf@max=\dimen158
\pgf@sys@shading@range@num=\count131
\pgf@shadingcount=\count132
) ("C:\Program Files\MiKTeX 2.9\tex/generic/pgf/basiclayer\pgfcoreimage.code.tex"
File: pgfcoreimage.code.tex 2020/01/08 v3.1.5b (3.1.5b)
 ("C:\Program Files\MiKTeX 2.9\tex/generic/pgf/basiclayer\pgfcoreexternal.code.tex"
File: pgfcoreexternal.code.tex 2020/01/08 v3.1.5b (3.1.5b)
\pgfexternal@startupbox=\box34
)) ("C:\Program Files\MiKTeX 2.9\tex/generic/pgf/basiclayer\pgfcorelayers.code.tex"
File: pgfcorelayers.code.tex 2020/01/08 v3.1.5b (3.1.5b)
) ("C:\Program Files\MiKTeX 2.9\tex/generic/pgf/basiclayer\pgfcoretransparency.code.tex"
File: pgfcoretransparency.code.tex 2020/01/08 v3.1.5b (3.1.5b)
) ("C:\Program Files\MiKTeX 2.9\tex/generic/pgf/basiclayer\pgfcorepatterns.code.tex"
File: pgfcorepatterns.code.tex 2020/01/08 v3.1.5b (3.1.5b)
) ("C:\Program Files\MiKTeX 2.9\tex/generic/pgf/basiclayer\pgfcorerdf.code.tex"
File: pgfcorerdf.code.tex 2020/01/08 v3.1.5b (3.1.5b)
))) ("C:\Program Files\MiKTeX 2.9\tex/generic/pgf/modules\pgfmoduleshapes.code.tex"
File: pgfmoduleshapes.code.tex 2020/01/08 v3.1.5b (3.1.5b)
\pgfnodeparttextbox=\box35
) ("C:\Program Files\MiKTeX 2.9\tex/generic/pgf/modules\pgfmoduleplot.code.tex"
File: pgfmoduleplot.code.tex 2020/01/08 v3.1.5b (3.1.5b)
) ("C:\Program Files\MiKTeX 2.9\tex/latex/pgf/compatibility\pgfcomp-version-0-65.sty"
Package: pgfcomp-version-0-65 2020/01/08 v3.1.5b (3.1.5b)
\pgf@nodesepstart=\dimen159
\pgf@nodesepend=\dimen160
) ("C:\Program Files\MiKTeX 2.9\tex/latex/pgf/compatibility\pgfcomp-version-1-18.sty"
Package: pgfcomp-version-1-18 2020/01/08 v3.1.5b (3.1.5b)
)) ("C:\Program Files\MiKTeX 2.9\tex/latex/pgf/utilities\pgffor.sty" ("C:\Program Files\MiKTeX 2.9\tex/latex/pgf/utilities\pgfkeys.sty" ("C:\Program Files\MiKTeX 2.9\tex/generic/pgf/utilities\pgfkeys.code.tex")) ("C:\Program Files\MiKTeX 2.9\tex/latex/pgf/math\pgfmath.sty" ("C:\Program Files\MiKTeX 2.9\tex/generic/pgf/math\pgfmath.code.tex")) ("C:\Program Files\MiKTeX 2.9\tex/generic/pgf/utilities\pgffor.code.tex"
Package: pgffor 2020/01/08 v3.1.5b (3.1.5b)
 ("C:\Program Files\MiKTeX 2.9\tex/generic/pgf/math\pgfmath.code.tex")
\pgffor@iter=\dimen161
\pgffor@skip=\dimen162
\pgffor@stack=\toks31
\pgffor@toks=\toks32
)) ("C:\Program Files\MiKTeX 2.9\tex/generic/pgf/frontendlayer/tikz\tikz.code.tex"
Package: tikz 2020/01/08 v3.1.5b (3.1.5b)
 ("C:\Program Files\MiKTeX 2.9\tex/generic/pgf/libraries\pgflibraryplothandlers.code.tex"
File: pgflibraryplothandlers.code.tex 2020/01/08 v3.1.5b (3.1.5b)
\pgf@plot@mark@count=\count133
\pgfplotmarksize=\dimen163
)
\tikz@lastx=\dimen164
\tikz@lasty=\dimen165
\tikz@lastxsaved=\dimen166
\tikz@lastysaved=\dimen167
\tikz@lastmovetox=\dimen168
\tikz@lastmovetoy=\dimen169
\tikzleveldistance=\dimen170
\tikzsiblingdistance=\dimen171
\tikz@figbox=\box36
\tikz@figbox@bg=\box37
\tikz@tempbox=\box38
\tikz@tempbox@bg=\box39
\tikztreelevel=\count134
\tikznumberofchildren=\count135
\tikznumberofcurrentchild=\count136
\tikz@fig@count=\count137
 ("C:\Program Files\MiKTeX 2.9\tex/generic/pgf/modules\pgfmodulematrix.code.tex"
File: pgfmodulematrix.code.tex 2020/01/08 v3.1.5b (3.1.5b)
\pgfmatrixcurrentrow=\count138
\pgfmatrixcurrentcolumn=\count139
\pgf@matrix@numberofcolumns=\count140
)
\tikz@expandcount=\count141
 ("C:\Program Files\MiKTeX 2.9\tex/generic/pgf/frontendlayer/tikz/libraries\tikzlibrarytopaths.code.tex"
File: tikzlibrarytopaths.code.tex 2020/01/08 v3.1.5b (3.1.5b)
))) ("C:\Program Files\MiKTeX 2.9\tex/generic/pgfplots\pgfplots.code.tex" ("C:\Program Files\MiKTeX 2.9\tex/generic/pgfplots\pgfplotscore.code.tex"
\t@pgfplots@toka=\toks33
\t@pgfplots@tokb=\toks34
\t@pgfplots@tokc=\toks35
\pgfplots@tmpa=\dimen172
\c@pgfplots@coordindex=\count142
\c@pgfplots@scanlineindex=\count143
 ("C:\Program Files\MiKTeX 2.9\tex/generic/pgfplots/sys\pgfplotssysgeneric.code.tex")) ("C:\Program Files\MiKTeX 2.9\tex/generic/pgfplots/libs\pgfplotslibrary.code.tex") ("C:\Program Files\MiKTeX 2.9\tex/generic/pgfplots/oldpgfcompatib\pgfplotsoldpgfsupp_loader.code.tex" ("C:\Program Files\MiKTeX 2.9\tex/generic/pgf/libraries\pgflibraryfpu.code.tex")) ("C:\Program Files\MiKTeX 2.9\tex/generic/pgfplots/util\pgfplotsutil.code.tex" ("C:\Program Files\MiKTeX 2.9\tex/generic/pgfplots/liststructure\pgfplotsliststructure.code.tex") ("C:\Program Files\MiKTeX 2.9\tex/generic/pgfplots/liststructure\pgfplotsliststructureext.code.tex") ("C:\Program Files\MiKTeX 2.9\tex/generic/pgfplots/liststructure\pgfplotsarray.code.tex"
\c@pgfplotsarray@tmp=\count144
) ("C:\Program Files\MiKTeX 2.9\tex/generic/pgfplots/liststructure\pgfplotsmatrix.code.tex") ("C:\Program Files\MiKTeX 2.9\tex/generic/pgfplots/numtable\pgfplotstableshared.code.tex"
\c@pgfplotstable@counta=\count145
\t@pgfplotstable@a=\toks36
) ("C:\Program Files\MiKTeX 2.9\tex/generic/pgfplots/liststructure\pgfplotsdeque.code.tex")
("C:\Program Files\MiKTeX 2.9\tex/generic/pgfplots/util\pgfplotsbinary.code.tex" ("C:\Program Files\MiKTeX 2.9\tex/generic/pgfplots/util\pgfplotsbinary.data.code.tex")) ("C:\Program Files\MiKTeX 2.9\tex/generic/pgfplots/util\pgfplotsutil.verb.code.tex") ("C:\Program Files\MiKTeX 2.9\tex/generic/pgfplots/libs\pgflibrarypgfplots.surfshading.code.tex"
\c@pgfplotslibrarysurf@no=\count146
 ("C:\Program Files\MiKTeX 2.9\tex/generic/pgfplots/sys\pgflibrarypgfplots.surfshading.pgfsys-pdftex.def"))) ("C:\Program Files\MiKTeX 2.9\tex/generic/pgfplots/util\pgfplotscolormap.code.tex" ("C:\Program Files\MiKTeX 2.9\tex/generic/pgfplots/util\pgfplotscolor.code.tex")) ("C:\Program Files\MiKTeX 2.9\tex/generic/pgfplots\pgfplotsstackedplots.code.tex") ("C:\Program Files\MiKTeX 2.9\tex/generic/pgfplots\pgfplotsplothandlers.code.tex" ("C:\Program Files\MiKTeX 2.9\tex/generic/pgfplots\pgfplotsmeshplothandler.code.tex" ("C:\Program Files\MiKTeX 2.9\tex/generic/pgfplots\pgfplotsmeshplotimage.code.tex"))) ("C:\Program Files\MiKTeX 2.9\tex/generic/pgfplots\pgfplots.scaling.code.tex") ("C:\Program Files\MiKTeX 2.9\tex/generic/pgfplots\pgfplotscoordprocessing.code.tex") ("C:\Program Files\MiKTeX 2.9\tex/generic/pgfplots\pgfplots.errorbars.code.tex") ("C:\Program Files\MiKTeX 2.9\tex/generic/pgfplots\pgfplots.markers.code.tex") ("C:\Program Files\MiKTeX 2.9\tex/generic/pgfplots\pgfplotsticks.code.tex") ("C:\Program Files\MiKTeX 2.9\tex/generic/pgfplots\pgfplots.paths.code.tex") ("C:\Program Files\MiKTeX 2.9\tex/generic/pgf/frontendlayer/tikz/libraries\tikzlibrarydecorations.code.tex" ("C:\Program Files\MiKTeX 2.9\tex/generic/pgf/modules\pgfmoduledecorations.code.tex"
\pgfdecoratedcompleteddistance=\dimen173
\pgfdecoratedremainingdistance=\dimen174
\pgfdecoratedinputsegmentcompleteddistance=\dimen175
\pgfdecoratedinputsegmentremainingdistance=\dimen176
\pgf@decorate@distancetomove=\dimen177
\pgf@decorate@repeatstate=\count147
\pgfdecorationsegmentamplitude=\dimen178
\pgfdecorationsegmentlength=\dimen179
)
\tikz@lib@dec@box=\box40
) ("C:\Program Files\MiKTeX 2.9\tex/generic/pgf/frontendlayer/tikz/libraries\tikzlibrarydecorations.pathmorphing.code.tex" ("C:\Program Files\MiKTeX 2.9\tex/generic/pgf/libraries/decorations\pgflibrarydecorations.pathmorphing.code.tex")) ("C:\Program Files\MiKTeX 2.9\tex/generic/pgf/frontendlayer/tikz/libraries\tikzlibrarydecorations.pathreplacing.code.tex" ("C:\Program Files\MiKTeX 2.9\tex/generic/pgf/libraries/decorations\pgflibrarydecorations.pathreplacing.code.tex"))
\pgfplots@numplots=\count148
\pgfplots@xmin@reg=\dimen180
\pgfplots@xmax@reg=\dimen181
\pgfplots@ymin@reg=\dimen182
\pgfplots@ymax@reg=\dimen183
\pgfplots@zmin@reg=\dimen184
\pgfplots@zmax@reg=\dimen185
) ("C:\Program Files\MiKTeX 2.9\tex/generic/pgf/frontendlayer/tikz/libraries\tikzlibraryplotmarks.code.tex"
File: tikzlibraryplotmarks.code.tex 2020/01/08 v3.1.5b (3.1.5b)
 ("C:\Program Files\MiKTeX 2.9\tex/generic/pgf/libraries\pgflibraryplotmarks.code.tex"
File: pgflibraryplotmarks.code.tex 2020/01/08 v3.1.5b (3.1.5b)
))) ("C:\Program Files\MiKTeX 2.9\tex/latex/caption\caption.sty"
Package: caption 2020/01/03 v3.4h Customizing captions (AR)
 ("C:\Program Files\MiKTeX 2.9\tex/latex/caption\caption3.sty"
Package: caption3 2020/01/03 v1.8h caption3 kernel (AR)
Package caption3 Info: TeX engine: e-TeX on input line 61.
\captionmargin=\dimen186
\captionmargin@=\dimen187
\captionwidth=\dimen188
\caption@tempdima=\dimen189
\caption@indent=\dimen190
\caption@parindent=\dimen191
\caption@hangindent=\dimen192
Package caption Info: Standard document class detected.
)
\c@caption@flags=\count149
\c@continuedfloat=\count150
Package caption Info: hyperref package is loaded.
Package caption Info: listings package is loaded.
) ("C:\Program Files\MiKTeX 2.9\tex/latex/amsmath\amsmath.sty"
Package: amsmath 2019/11/16 v2.17d AMS math features
\@mathmargin=\skip44

For additional information on amsmath, use the `?' option.
("C:\Program Files\MiKTeX 2.9\tex/latex/amsmath\amstext.sty"
Package: amstext 2000/06/29 v2.01 AMS text
 ("C:\Program Files\MiKTeX 2.9\tex/latex/amsmath\amsgen.sty"
File: amsgen.sty 1999/11/30 v2.0 generic functions
\@emptytoks=\toks37
\ex@=\dimen193
)) ("C:\Program Files\MiKTeX 2.9\tex/latex/amsmath\amsbsy.sty"
Package: amsbsy 1999/11/29 v1.2d Bold Symbols
\pmbraise@=\dimen194
) ("C:\Program Files\MiKTeX 2.9\tex/latex/amsmath\amsopn.sty"
Package: amsopn 2016/03/08 v2.02 operator names
)
\inf@bad=\count151
LaTeX Info: Redefining \frac on input line 227.
\uproot@=\count152
\leftroot@=\count153
LaTeX Info: Redefining \overline on input line 389.
\classnum@=\count154
\DOTSCASE@=\count155
LaTeX Info: Redefining \ldots on input line 486.
LaTeX Info: Redefining \dots on input line 489.
LaTeX Info: Redefining \cdots on input line 610.
\Mathstrutbox@=\box41
\strutbox@=\box42
\big@size=\dimen195
LaTeX Font Info:    Redeclaring font encoding OML on input line 733.
LaTeX Font Info:    Redeclaring font encoding OMS on input line 734.
\macc@depth=\count156
\c@MaxMatrixCols=\count157
\dotsspace@=\muskip11
\c@parentequation=\count158
\dspbrk@lvl=\count159
\tag@help=\toks38
\row@=\count160
\column@=\count161
\maxfields@=\count162
\andhelp@=\toks39
\eqnshift@=\dimen196
\alignsep@=\dimen197
\tagshift@=\dimen198
\tagwidth@=\dimen199
\totwidth@=\dimen256
\lineht@=\dimen257
\@envbody=\toks40
\multlinegap=\skip45
\multlinetaggap=\skip46
\mathdisplay@stack=\toks41
LaTeX Info: Redefining \[ on input line 2858.
LaTeX Info: Redefining \] on input line 2859.
) ("C:\Program Files\MiKTeX 2.9\tex/latex/amsfonts\amssymb.sty"
Package: amssymb 2013/01/14 v3.01 AMS font symbols
 ("C:\Program Files\MiKTeX 2.9\tex/latex/amsfonts\amsfonts.sty"
Package: amsfonts 2013/01/14 v3.01 Basic AMSFonts support
\symAMSa=\mathgroup4
\symAMSb=\mathgroup5
LaTeX Font Info:    Redeclaring math symbol \hbar on input line 98.
LaTeX Font Info:    Overwriting math alphabet `\mathfrak' in version `bold'
(Font)                  U/euf/m/n --> U/euf/b/n on input line 106.
)) ("C:\Program Files\MiKTeX 2.9\tex/latex/lstautodedent\lstautodedent.sty"
Package: lstautodedent 2014/05/20 v0.1 A package for automatically dedenting listings
\toks@lstad=\toks42
\spacesToGobble@lstad=\count163
\spacesGobbledSoFar@lstad=\count164
) ("C:\Program Files\MiKTeX 2.9\tex/latex/dirtree\dirtree.sty"
Package: dirtree 2012/12/11 v0.32 package wrapper for dirtree
 ("C:\Program Files\MiKTeX 2.9\tex/generic/dirtree\dirtree.tex" `dirtree' v0.32, 2012/12/11 (jcc)
\DT@offset=\dimen258
\DT@width=\dimen259
\DT@sep=\dimen260
\DT@all=\dimen261
\DT@rulewidth=\dimen262
\DT@dotwidth=\dimen263
\DTbaselineskip=\dimen264
\DT@counti=\count165
\DT@countii=\count166
\DT@countiii=\count167
\DT@countiv=\count168
\DT@indent=\dimen265
\DT@parskip=\dimen266
\DT@baselineskip=\dimen267
)
File: dirtree.tex 2012/12/11 v0.32 `dirtree' (jcc)
) ("C:\Program Files\MiKTeX 2.9\tex/latex/biblatex\biblatex.sty"
Package: biblatex 2019/08/31 v3.13a programmable bibliographies (PK/MW)
 ("C:\Program Files\MiKTeX 2.9\tex/latex/logreq\logreq.sty"
Package: logreq 2010/08/04 v1.0 xml request logger
\lrq@indent=\count169
 ("C:\Program Files\MiKTeX 2.9\tex/latex/logreq\logreq.def"
File: logreq.def 2010/08/04 v1.0 logreq spec v1.0
)) ("C:\Program Files\MiKTeX 2.9\tex/latex/base\ifthen.sty"
Package: ifthen 2014/09/29 v1.1c Standard LaTeX ifthen package (DPC)
)
\c@tabx@nest=\count170
\c@listtotal=\count171
\c@listcount=\count172
\c@liststart=\count173
\c@liststop=\count174
\c@citecount=\count175
\c@citetotal=\count176
\c@multicitecount=\count177
\c@multicitetotal=\count178
\c@instcount=\count179
\c@maxnames=\count180
\c@minnames=\count181
\c@maxitems=\count182
\c@minitems=\count183
\c@citecounter=\count184
\c@maxcitecounter=\count185
\c@savedcitecounter=\count186
\c@uniquelist=\count187
\c@uniquename=\count188
\c@refsection=\count189
\c@refsegment=\count190
\c@maxextratitle=\count191
\c@maxextratitleyear=\count192
\c@maxextraname=\count193
\c@maxextradate=\count194
\c@maxextraalpha=\count195
\c@abbrvpenalty=\count196
\c@highnamepenalty=\count197
\c@lownamepenalty=\count198
\c@maxparens=\count199
\c@parenlevel=\count266
\blx@tempcnta=\count267
\blx@tempcntb=\count268
\blx@tempcntc=\count269
\blx@maxsection=\count270
\blx@maxsegment@0=\count271
\blx@notetype=\count272
\blx@parenlevel@text=\count273
\blx@parenlevel@foot=\count274
\blx@sectionciteorder@0=\count275
\blx@entrysetcounter=\count276
\labelnumberwidth=\skip47
\labelalphawidth=\skip48
\biblabelsep=\skip49
\bibitemsep=\skip50
\bibnamesep=\skip51
\bibinitsep=\skip52
\bibparsep=\skip53
\bibhang=\skip54
\blx@bcfin=\read2
\blx@bcfout=\write4
\blx@langwohyphens=\language78
\c@mincomprange=\count277
\c@maxcomprange=\count278
\c@mincompwidth=\count279
Package biblatex Info: Trying to load biblatex default data model...
Package biblatex Info: ... file 'blx-dm.def' found.
 ("C:\Program Files\MiKTeX 2.9\tex/latex/biblatex\blx-dm.def"
File: blx-dm.def 2019/08/31 v3.13a biblatex localization (PK/MW)
)
Package biblatex Info: Trying to load biblatex citestyle data model...
Package biblatex Info: ... file 'authortitle-ibid.dbx' not found.
Package biblatex Info: Trying to load biblatex bibstyle data model...
Package biblatex Info: ... file 'alphabetic.dbx' not found.
Package biblatex Info: Trying to load biblatex custom data model...
Package biblatex Info: ... file 'biblatex-dm.cfg' not found.
\c@afterword=\count280
\c@savedafterword=\count281
\c@annotator=\count282
\c@savedannotator=\count283
\c@author=\count284
\c@savedauthor=\count285
\c@bookauthor=\count286
\c@savedbookauthor=\count287
\c@commentator=\count288
\c@savedcommentator=\count289
\c@editor=\count290
\c@savededitor=\count291
\c@editora=\count292
\c@savededitora=\count293
\c@editorb=\count294
\c@savededitorb=\count295
\c@editorc=\count296
\c@savededitorc=\count297
\c@foreword=\count298
\c@savedforeword=\count299
\c@holder=\count300
\c@savedholder=\count301
\c@introduction=\count302
\c@savedintroduction=\count303
\c@namea=\count304
\c@savednamea=\count305
\c@nameb=\count306
\c@savednameb=\count307
\c@namec=\count308
\c@savednamec=\count309
\c@translator=\count310
\c@savedtranslator=\count311
\c@shortauthor=\count312
\c@savedshortauthor=\count313
\c@shorteditor=\count314
\c@savedshorteditor=\count315
\c@labelname=\count316
\c@savedlabelname=\count317
\c@institution=\count318
\c@savedinstitution=\count319
\c@lista=\count320
\c@savedlista=\count321
\c@listb=\count322
\c@savedlistb=\count323
\c@listc=\count324
\c@savedlistc=\count325
\c@listd=\count326
\c@savedlistd=\count327
\c@liste=\count328
\c@savedliste=\count329
\c@listf=\count330
\c@savedlistf=\count331
\c@location=\count332
\c@savedlocation=\count333
\c@organization=\count334
\c@savedorganization=\count335
\c@origlocation=\count336
\c@savedoriglocation=\count337
\c@origpublisher=\count338
\c@savedorigpublisher=\count339
\c@publisher=\count340
\c@savedpublisher=\count341
\c@language=\count342
\c@savedlanguage=\count343
\c@origlanguage=\count344
\c@savedoriglanguage=\count345
\c@pageref=\count346
\c@savedpageref=\count347
\shorthandwidth=\skip55
\shortjournalwidth=\skip56
\shortserieswidth=\skip57
\shorttitlewidth=\skip58
\shortauthorwidth=\skip59
\shorteditorwidth=\skip60
\locallabelnumberwidth=\skip61
\locallabelalphawidth=\skip62
\localshorthandwidth=\skip63
\localshortjournalwidth=\skip64
\localshortserieswidth=\skip65
\localshorttitlewidth=\skip66
\localshortauthorwidth=\skip67
\localshorteditorwidth=\skip68
Package biblatex Info: Trying to load compatibility code...
Package biblatex Info: ... file 'blx-compat.def' found.
 ("C:\Program Files\MiKTeX 2.9\tex/latex/biblatex\blx-compat.def"
File: blx-compat.def 2019/08/31 v3.13a biblatex compatibility (PK/MW)
)
Package biblatex Info: Trying to load generic definitions...
Package biblatex Info: ... file 'biblatex.def' found.
 ("C:\Program Files\MiKTeX 2.9\tex/latex/biblatex\biblatex.def"
File: biblatex.def 2019/08/31 v3.13a biblatex compatibility (PK/MW)
\c@textcitecount=\count348
\c@textcitetotal=\count349
\c@textcitemaxnames=\count350
\c@biburlbigbreakpenalty=\count351
\c@biburlbreakpenalty=\count352
\c@biburlnumpenalty=\count353
\c@biburlucpenalty=\count354
\c@biburllcpenalty=\count355
\biburlbigskip=\muskip12
\biburlnumskip=\muskip13
\biburlucskip=\muskip14
\biburllcskip=\muskip15
\c@smartand=\count356
)
Package biblatex Info: Trying to load natbib compatibility...
Package biblatex Info: ... file 'blx-natbib.def' found.
 ("C:\Program Files\MiKTeX 2.9\tex/latex/biblatex\blx-natbib.def"
File: blx-natbib.def 2019/08/31 v3.13a biblatex compatibility (PK/MW)
Package biblatex Info: Delimiter 'nameyeardelim' in context '' already defined, overwriting.
)
Package biblatex Info: Trying to load bibliography style 'alphabetic'...
Package biblatex Info: ... file 'alphabetic.bbx' found.
 ("C:\Program Files\MiKTeX 2.9\tex/latex/biblatex/bbx\alphabetic.bbx"
File: alphabetic.bbx 2019/08/31 v3.13a biblatex bibliography style (PK/MW)
Package biblatex Info: Trying to load bibliography style 'standard'...
Package biblatex Info: ... file 'standard.bbx' found.
 ("C:\Program Files\MiKTeX 2.9\tex/latex/biblatex/bbx\standard.bbx"
File: standard.bbx 2019/08/31 v3.13a biblatex bibliography style (PK/MW)
\c@bbx:relatedcount=\count357
\c@bbx:relatedtotal=\count358
))
Package biblatex Info: Trying to load citation style 'authortitle-ibid'...
Package biblatex Info: ... file 'authortitle-ibid.cbx' found.
 ("C:\Program Files\MiKTeX 2.9\tex/latex/biblatex/cbx\authortitle-ibid.cbx"
File: authortitle-ibid.cbx 2019/08/31 v3.13a biblatex citation style (PK/MW)
Package biblatex Info: Redefining '\cite'.
Package biblatex Info: Redefining '\parencite'.
Package biblatex Info: Redefining '\footcite'.
Package biblatex Info: Redefining '\footcitetext'.
Package biblatex Info: Redefining '\smartcite'.
Package biblatex Info: Redefining '\textcite'.
Package biblatex Info: Redefining '\textcites'.
)
Package biblatex Info: Trying to load configuration file...
Package biblatex Info: ... file 'biblatex.cfg' found.
 ("C:\Program Files\MiKTeX 2.9\tex/latex/biblatex\biblatex.cfg"
File: biblatex.cfg 
))
Package csquotes Info: Checking for multilingual support...
Package csquotes Info: ... found 'babel' package.
Package csquotes Info: Adjusting default style.
Package csquotes Info: Redefining alias 'default' -> 'german'.
Package biblatex Info: Trying to load language 'german'...
Package biblatex Info: ... file 'german.lbx' found.
 ("C:\Program Files\MiKTeX 2.9\tex/latex/biblatex/lbx\german.lbx"
File: german.lbx 2019/08/31 v3.13a biblatex localization (PK/MW)
) (c:\Users\Kevin\Documents\OpenCVClone\Studienarbeit\Praxisarbeit-template.aux (c:\Users\Kevin\Documents\OpenCVClone\Studienarbeit\Titelseite.aux))
\openout1 = `Praxisarbeit-template.aux'.

LaTeX Font Info:    Checking defaults for OML/cmm/m/it on input line 68.
LaTeX Font Info:    ... okay on input line 68.
LaTeX Font Info:    Checking defaults for T1/cmr/m/n on input line 68.
LaTeX Font Info:    ... okay on input line 68.
LaTeX Font Info:    Checking defaults for OT1/cmr/m/n on input line 68.
LaTeX Font Info:    ... okay on input line 68.
LaTeX Font Info:    Checking defaults for OMS/cmsy/m/n on input line 68.
LaTeX Font Info:    ... okay on input line 68.
LaTeX Font Info:    Checking defaults for OMX/cmex/m/n on input line 68.
LaTeX Font Info:    ... okay on input line 68.
LaTeX Font Info:    Checking defaults for U/cmr/m/n on input line 68.
LaTeX Font Info:    ... okay on input line 68.
LaTeX Font Info:    Checking defaults for PD1/pdf/m/n on input line 68.
LaTeX Font Info:    ... okay on input line 68.
\AtBeginShipoutBox=\box43
Package hyperref Info: Link coloring OFF on input line 68.
 ("C:\Program Files\MiKTeX 2.9\tex/latex/hyperref\nameref.sty"
Package: nameref 2019/09/16 v2.46 Cross-referencing by name of section
 ("C:\Program Files\MiKTeX 2.9\tex/latex/oberdiek\refcount.sty"
Package: refcount 2016/05/16 v3.5 Data extraction from label references (HO)
) ("C:\Program Files\MiKTeX 2.9\tex/generic/oberdiek\gettitlestring.sty"
Package: gettitlestring 2016/05/16 v1.5 Cleanup title references (HO)
)
\c@section@level=\count359
)
LaTeX Info: Redefining \ref on input line 68.
LaTeX Info: Redefining \pageref on input line 68.
LaTeX Info: Redefining \nameref on input line 68.
 (c:\Users\Kevin\Documents\OpenCVClone\Studienarbeit\Praxisarbeit-template.out) (c:\Users\Kevin\Documents\OpenCVClone\Studienarbeit\Praxisarbeit-template.out)
\@outlinefile=\write5
\openout5 = `Praxisarbeit-template.out'.


*geometry* driver: auto-detecting
*geometry* detected driver: pdftex
*geometry* verbose mode - [ preamble ] result:
* driver: pdftex
* paper: a4paper
* layout: <same size as paper>
* layoutoffset:(h,v)=(0.0pt,0.0pt)
* bindingoffset: 14.22636pt
* modes: 
* h-part:(L,W,R)=(71.13188pt, 441.01775pt, 71.13188pt)
* v-part:(T,H,B)=(71.13188pt, 702.78308pt, 71.13188pt)
* \paperwidth=597.50787pt
* \paperheight=845.04684pt
* \textwidth=441.01775pt
* \textheight=702.78308pt
* \oddsidemargin=13.08826pt
* \evensidemargin=-1.1381pt
* \topmargin=-38.1381pt
* \headheight=12.0pt
* \headsep=25.0pt
* \topskip=12.0pt
* \footskip=30.0pt
* \marginparwidth=35.0pt
* \marginparsep=10.0pt
* \columnsep=10.0pt
* \skip\footins=10.8pt plus 4.0pt minus 2.0pt
* \hoffset=0.0pt
* \voffset=0.0pt
* \mag=1000
* \@twocolumnfalse
* \@twosidefalse
* \@mparswitchfalse
* \@reversemarginfalse
* (1in=72.27pt=25.4mm, 1cm=28.453pt)

("C:\Program Files\MiKTeX 2.9\tex/context/base/mkii\supp-pdf.mkii"
[Loading MPS to PDF converter (version 2006.09.02).]
\scratchcounter=\count360
\scratchdimen=\dimen268
\scratchbox=\box44
\nofMPsegments=\count361
\nofMParguments=\count362
\everyMPshowfont=\toks43
\MPscratchCnt=\count363
\MPscratchDim=\dimen269
\MPnumerator=\count364
\makeMPintoPDFobject=\count365
\everyMPtoPDFconversion=\toks44
) ("C:\Program Files\MiKTeX 2.9\tex/latex/epstopdf-pkg\epstopdf-base.sty"
Package: epstopdf-base 2019/11/24 v2.7 Base part for package epstopdf
 ("C:\Program Files\MiKTeX 2.9\tex/latex/oberdiek\grfext.sty"
Package: grfext 2016/05/16 v1.2 Manage graphics extensions (HO)
)
Package epstopdf-base Info: Redefining graphics rule for `.eps' on input line 442.
Package grfext Info: Graphics extension search list:
(grfext)             [.pdf,.png,.jpg,.mps,.jpeg,.jbig2,.jb2,.PDF,.PNG,.JPG,.JPEG,.JBIG2,.JB2,.eps]
(grfext)             \AppendGraphicsExtensions on input line 460.
)
\c@lstlisting=\count366
 ABD: EveryShipout initializing macros

Package pgfplots Warning: running in backwards compatibility mode (unsuitable tick labels; missing features). Consider writing \pgfplotsset{compat=1.16} into your preamble.
 on input line 68.

Package caption Info: Begin \AtBeginDocument code.
Package caption Info: End \AtBeginDocument code.
Package biblatex Info: Input encoding 'utf8' detected.
Package biblatex Info: Automatic encoding selection.
(biblatex)             Assuming data encoding 'utf8'.
\openout4 = `Praxisarbeit-template.bcf'.

Package biblatex Info: Trying to load bibliographic data...
Package biblatex Info: ... file 'Praxisarbeit-template.bbl' found.
(c:\Users\Kevin\Documents\OpenCVClone\Studienarbeit\Praxisarbeit-template.bbl)
Package biblatex Info: Reference section=0 on input line 68.
Package biblatex Info: Reference segment=0 on input line 68.
\openout2 = `Titelseite.aux'.

 (c:\Users\Kevin\Documents\OpenCVClone\Studienarbeit\Titelseite.tex
<Bilder/DHBW_logo.jpg, id=230, 702.625pt x 293.095pt>
File: Bilder/DHBW_logo.jpg Graphic file (type jpg)
<use Bilder/DHBW_logo.jpg>
Package pdftex.def Info: Bilder/DHBW_logo.jpg  used on input line 15.
(pdftex.def)             Requested size: 175.6558pt x 73.27356pt.
<Bilder/Atos_logo.png, id=232, 526.96875pt x 180.675pt>
File: Bilder/Atos_logo.png Graphic file (type png)
<use Bilder/Atos_logo.png>
Package pdftex.def Info: Bilder/Atos_logo.png  used on input line 16.
(pdftex.def)             Requested size: 131.74185pt x 45.16862pt.

Overfull \hbox (2.25058pt too wide) in paragraph at lines 14--17
[]|  [] |  [] 
 []

LaTeX Font Info:    Trying to load font information for U+msa on input line 28.
("C:\Program Files\MiKTeX 2.9\tex/latex/amsfonts\umsa.fd"
File: umsa.fd 2013/01/14 v3.01 AMS symbols A
)
LaTeX Font Info:    Trying to load font information for U+msb on input line 28.
 ("C:\Program Files\MiKTeX 2.9\tex/latex/amsfonts\umsb.fd"
File: umsb.fd 2013/01/14 v3.01 AMS symbols B
) [1


{C:/Users/Kevin/AppData/Local/MiKTeX/2.9/pdftex/config/pdftex.map} <c:/Users/Kevin/Documents/OpenCVClone/Studienarbeit/Bilder/DHBW_logo.jpg> <c:/Users/Kevin/Documents/OpenCVClone/Studienarbeit/Bilder/Atos_logo.png>])
Underfull \hbox (badness 10000) in paragraph at lines 77--94

 []


Underfull \hbox (badness 10000) in paragraph at lines 77--94

 []


Underfull \hbox (badness 10000) in paragraph at lines 77--94

 []


Underfull \hbox (badness 10000) in paragraph at lines 77--94

 []


Underfull \hbox (badness 10000) in paragraph at lines 77--94

 []


Underfull \hbox (badness 10000) in paragraph at lines 77--94

 []


Underfull \hbox (badness 10000) in paragraph at lines 77--94

 []

pdfTeX warning (ext4): destination with the same identifier (name{page.1}) has been already used, duplicate ignored
<to be read again> 
                   \relax 
l.94 \newpage
              [1

] [2] (c:\Users\Kevin\Documents\OpenCVClone\Studienarbeit\Praxisarbeit-template.toc [3

])
\tf@toc=\write6
\openout6 = `Praxisarbeit-template.toc'.

 [4] (c:\Users\Kevin\Documents\OpenCVClone\Studienarbeit\Praxisarbeit-template.lof)
\tf@lof=\write7
\openout7 = `Praxisarbeit-template.lof'.

 [5

]
Kapitel 1.
pdfTeX warning (ext4): destination with the same identifier (name{page.1}) has been already used, duplicate ignored
<to be read again> 
                   \relax 
l.136 \begin{itemize}
                      [1

]
LaTeX Font Info:    Trying to load font information for OMS+cmr on input line 137.
 ("C:\Program Files\MiKTeX 2.9\tex/latex/base\omscmr.fd"
File: omscmr.fd 2014/09/29 v2.5h Standard LaTeX font definitions
)
LaTeX Font Info:    Font shape `OMS/cmr/m/n' in size <12> not available
(Font)              Font shape `OMS/cmsy/m/n' tried instead on input line 137.

Overfull \hbox (7.75533pt too wide) in paragraph at lines 139--140
\OT1/cmr/m/n/12 Es ist denk-bar, dass ei-ne er-wei-ter-te Form des ent-wickel-ten Pro-to-ty-pen bei Po-li-zeiverh[]oren
 []

pdfTeX warning (ext4): destination with the same identifier (name{page.2}) has been already used, duplicate ignored
<to be read again> 
                   \relax 
l.154 
       [2]pdfTeX warning (ext4): destination with the same identifier (name{page.3}) has been already used, duplicate ignored
<to be read again> 
                   \relax 
l.155 \chapter
              {Anforderungen} [3]
Kapitel 2.
pdfTeX warning (ext4): destination with the same identifier (name{page.4}) has been already used, duplicate ignored
<to be read again> 
                   \relax 
l.171 \item M
             ust - Core Anforderungen die unbedingt umgesetzt werden müssen [4

]
Overfull \hbox (29.1954pt too wide) in paragraph at lines 194--195
[]\OT1/cmr/m/n/12 Eine Ober-fl[]ache zur in-tui-ti-ven Be-die-nung der L[]osung oh-ne tech-ni-sches Verst[]andnis
 []

pdfTeX warning (ext4): destination with the same identifier (name{page.5}) has been already used, duplicate ignored
<to be read again> 
                   \relax 
l.203 
       [5] [6]
Kapitel 3.
<Bilder/FaceRecognition.png, id=406, 378.213pt x 137.313pt>
File: Bilder/FaceRecognition.png Graphic file (type png)
<use Bilder/FaceRecognition.png>
Package pdftex.def Info: Bilder/FaceRecognition.png  used on input line 217.
(pdftex.def)             Requested size: 441.01775pt x 160.12335pt.

Underfull \hbox (badness 10000) in paragraph at lines 217--219

 []


LaTeX Warning: `h' float specifier changed to `ht'.

[7

] [8 <c:/Users/Kevin/Documents/OpenCVClone/Studienarbeit/Bilder/FaceRecognition.png>] [9]
Overfull \hbox (2.05994pt too wide) in paragraph at lines 279--279
[]\OT1/cmr/bx/n/17.28 Emotionserkennung mit-hil-fe von De-ep Lear-ning 
 []

[10]
Overfull \hbox (4.71368pt too wide) in paragraph at lines 288--293
\OT1/cmr/m/n/12 Dlib ist nach des-sen Ent-wick-ler Da-vis King ein mo-der-nes C++ Tool-kit, wel-ches Machine-
 []

[11] [12] [13]
<Bilder/haar-cascade.png, id=489, 898.85812pt x 451.6875pt>
File: Bilder/haar-cascade.png Graphic file (type png)
<use Bilder/haar-cascade.png>
Package pdftex.def Info: Bilder/haar-cascade.png  used on input line 392.
(pdftex.def)             Requested size: 441.01775pt x 221.61827pt.

Underfull \hbox (badness 10000) in paragraph at lines 392--394

 []

[14 <c:/Users/Kevin/Documents/OpenCVClone/Studienarbeit/Bilder/haar-cascade.png>] [15]
<Bilder/RGB.png, id=524, 401.24907pt x 269.50688pt>
File: Bilder/RGB.png Graphic file (type png)
<use Bilder/RGB.png>
Package pdftex.def Info: Bilder/RGB.png  used on input line 419.
(pdftex.def)             Requested size: 441.01775pt x 296.2364pt.

Underfull \hbox (badness 10000) in paragraph at lines 419--421

 []


LaTeX Warning: `h' float specifier changed to `ht'.

[16] [17 <c:/Users/Kevin/Documents/OpenCVClone/Studienarbeit/Bilder/RGB.png>] [18]
Kapitel 4.

Overfull \hbox (14.40808pt too wide) in paragraph at lines 434--435
\OT1/cmr/m/n/12 nung un-ter ver-schie-de-nen Aspek-ten wie der Ar-chi-tek-tur und der Kom-mu-ni-ka-ti-on erl[]autert. 
 []


Overfull \hbox (17.8761pt too wide) in paragraph at lines 437--440
\OT1/cmr/m/n/12 einen Ser-ver zu lie-fern und dem Nut-zer den Out-put in der Cli-en-t-an-wen-dung zur[]uckzugeben,
 []


Overfull \hbox (0.44295pt too wide) in paragraph at lines 437--440
\OT1/cmr/m/n/12 so-lan-ge es den An-for-de-run-gen der be-nut-zer-freund-li-chen In-ter-ak-ti-onsm[]oglichkeit gen[]ugt.
 []

[19

] [20] ("C:\Program Files\MiKTeX 2.9\tex/latex/listings\lstlang1.sty"
File: lstlang1.sty 2019/09/10 1.8c listings language file
)
Package hyperref Info: bookmark level for unknown lstlisting defaults to 0 on input line 455.
 (c:\Users\Kevin\Documents\OpenCVClone\Studienarbeit\Code/InputGUI1.py [21])
<Bilder/InputGUI1.png, id=568, 642.4pt x 511.9125pt>
File: Bilder/InputGUI1.png Graphic file (type png)
<use Bilder/InputGUI1.png>
Package pdftex.def Info: Bilder/InputGUI1.png  used on input line 457.
(pdftex.def)             Requested size: 441.01775pt x 351.44688pt.

Underfull \hbox (badness 10000) in paragraph at lines 461--462

 []

[22 <c:/Users/Kevin/Documents/OpenCVClone/Studienarbeit/Bilder/InputGUI1.png>] (c:\Users\Kevin\Documents\OpenCVClone\Studienarbeit\Code/InputGUI2.py)
Underfull \hbox (badness 10000) in paragraph at lines 463--464

 []

(c:\Users\Kevin\Documents\OpenCVClone\Studienarbeit\Code/InputGUI2.py)
<Bilder/InputGUI2.png, id=583, 642.4pt x 511.9125pt>
File: Bilder/InputGUI2.png Graphic file (type png)
<use Bilder/InputGUI2.png>
Package pdftex.def Info: Bilder/InputGUI2.png  used on input line 467.
(pdftex.def)             Requested size: 441.01775pt x 351.44688pt.
 [23] (c:\Users\Kevin\Documents\OpenCVClone\Studienarbeit\Code/InputGUI3.py)
Overfull \hbox (41.76158pt too wide) in paragraph at lines 473--474
\OT1/cmr/m/n/12 Um nun al-le Au-gen in ei-nem Bild zu er-ken-nen, kann nun wie-der die Me-tho-de \OT1/cmtt/m/n/12 detectMultiScale
 []

(c:\Users\Kevin\Documents\OpenCVClone\Studienarbeit\Code/InputGUI3.py [24 <c:/Users/Kevin/Documents/OpenCVClone/Studienarbeit/Bilder/InputGUI2.png>]) (c:\Users\Kevin\Documents\OpenCVClone\Studienarbeit\Code/InputGUI3.py [25])
<Bilder/InputGUI3.png, id=656, 642.4pt x 511.9125pt>
File: Bilder/InputGUI3.png Graphic file (type png)
<use Bilder/InputGUI3.png>
Package pdftex.def Info: Bilder/InputGUI3.png  used on input line 479.
(pdftex.def)             Requested size: 441.01775pt x 351.44688pt.


LaTeX Warning: `h' float specifier changed to `ht'.

<Bilder/Disgust1.png, id=661, 642.4pt x 491.8375pt>
File: Bilder/Disgust1.png Graphic file (type png)
<use Bilder/Disgust1.png>
Package pdftex.def Info: Bilder/Disgust1.png  used on input line 507.
(pdftex.def)             Requested size: 88.2022pt x 67.52841pt.
<Bilder/Disgust2.png, id=662, 642.4pt x 491.8375pt>
File: Bilder/Disgust2.png Graphic file (type png)
<use Bilder/Disgust2.png>
Package pdftex.def Info: Bilder/Disgust2.png  used on input line 511.
(pdftex.def)             Requested size: 88.2022pt x 67.52841pt.
<Bilder/Disgust3.png, id=663, 642.4pt x 491.8375pt>
File: Bilder/Disgust3.png Graphic file (type png)
<use Bilder/Disgust3.png>
Package pdftex.def Info: Bilder/Disgust3.png  used on input line 515.
(pdftex.def)             Requested size: 88.2022pt x 67.52841pt.
<Bilder/Disgust4.png, id=664, 642.4pt x 491.8375pt>
File: Bilder/Disgust4.png Graphic file (type png)
<use Bilder/Disgust4.png>
Package pdftex.def Info: Bilder/Disgust4.png  used on input line 519.
(pdftex.def)             Requested size: 88.2022pt x 67.52841pt.
<Bilder/Disgust5.png, id=665, 642.4pt x 491.8375pt>
File: Bilder/Disgust5.png Graphic file (type png)
<use Bilder/Disgust5.png>
Package pdftex.def Info: Bilder/Disgust5.png  used on input line 523.
(pdftex.def)             Requested size: 88.2022pt x 67.52841pt.
<Bilder/Disgust6.png, id=666, 642.4pt x 491.8375pt>
File: Bilder/Disgust6.png Graphic file (type png)
<use Bilder/Disgust6.png>
Package pdftex.def Info: Bilder/Disgust6.png  used on input line 527.
(pdftex.def)             Requested size: 88.2022pt x 67.52841pt.
<Bilder/Disgust7.png, id=667, 642.4pt x 491.8375pt>
File: Bilder/Disgust7.png Graphic file (type png)
<use Bilder/Disgust7.png>
Package pdftex.def Info: Bilder/Disgust7.png  used on input line 531.
(pdftex.def)             Requested size: 88.2022pt x 67.52841pt.
<Bilder/Disgust8.png, id=668, 642.4pt x 491.8375pt>
File: Bilder/Disgust8.png Graphic file (type png)
<use Bilder/Disgust8.png>
Package pdftex.def Info: Bilder/Disgust8.png  used on input line 535.
(pdftex.def)             Requested size: 88.2022pt x 67.52841pt.
<Bilder/Disgust9.png, id=669, 642.4pt x 491.8375pt>
File: Bilder/Disgust9.png Graphic file (type png)
<use Bilder/Disgust9.png>
Package pdftex.def Info: Bilder/Disgust9.png  used on input line 539.
(pdftex.def)             Requested size: 88.2022pt x 67.52841pt.
<Bilder/Disgust10.png, id=670, 642.4pt x 491.8375pt>
File: Bilder/Disgust10.png Graphic file (type png)
<use Bilder/Disgust10.png>
Package pdftex.def Info: Bilder/Disgust10.png  used on input line 543.
(pdftex.def)             Requested size: 88.2022pt x 67.52841pt.
<Bilder/Disgust11.png, id=671, 642.4pt x 491.8375pt>
File: Bilder/Disgust11.png Graphic file (type png)
<use Bilder/Disgust11.png>
Package pdftex.def Info: Bilder/Disgust11.png  used on input line 547.
(pdftex.def)             Requested size: 88.2022pt x 67.52841pt.

LaTeX Warning: `h' float specifier changed to `ht'.


LaTeX Warning: `h' float specifier changed to `ht'.


Overfull \hbox (2.61107pt too wide) in paragraph at lines 560--602
[][] [] 
 []

[26] [27 <c:/Users/Kevin/Documents/OpenCVClone/Studienarbeit/Bilder/InputGUI3.png>] [28 <c:/Users/Kevin/Documents/OpenCVClone/Studienarbeit/Bilder/Disgust1.png (PNG copy)> <c:/Users/Kevin/Documents/OpenCVClone/Studienarbeit/Bilder/Disgust2.png (PNG copy)> <c:/Users/Kevin/Documents/OpenCVClone/Studienarbeit/Bilder/Disgust3.png (PNG copy)> <c:/Users/Kevin/Documents/OpenCVClone/Studienarbeit/Bilder/Disgust4.png (PNG copy)> <c:/Users/Kevin/Documents/OpenCVClone/Studienarbeit/Bilder/Disgust5.png (PNG copy)> <c:/Users/Kevin/Documents/OpenCVClone/Studienarbeit/Bilder/Disgust6.png (PNG copy)> <c:/Users/Kevin/Documents/OpenCVClone/Studienarbeit/Bilder/Disgust7.png (PNG copy)> <c:/Users/Kevin/Documents/OpenCVClone/Studienarbeit/Bilder/Disgust8.png (PNG copy)> <c:/Users/Kevin/Documents/OpenCVClone/Studienarbeit/Bilder/Disgust9.png (PNG copy)> <c:/Users/Kevin/Documents/OpenCVClone/Studienarbeit/Bilder/Disgust10.png (PNG copy)> <c:/Users/Kevin/Documents/OpenCVClone/Studienarbeit/Bilder/Disgust11.png (PNG copy)>] [29] (c:\Users\Kevin\Documents\OpenCVClone\Studienarbeit\Code/OrganizingTheDataset.py [30]) (c:\Users\Kevin\Documents\OpenCVClone\Studienarbeit\Code/ClassifierHandler.py) [31] [32] (c:\Users\Kevin\Documents\OpenCVClone\Studienarbeit\Code/ClassifierHandler.py) (c:\Users\Kevin\Documents\OpenCVClone\Studienarbeit\Code/ClassifierHandler.py) (c:\Users\Kevin\Documents\OpenCVClone\Studienarbeit\Code/ClassifierHandler.py) [33] (c:\Users\Kevin\Documents\OpenCVClone\Studienarbeit\Code/ClassifierHandler.py [34]) [35]
Kapitel 5.
[36

]
Overfull \hbox (49.53731pt too wide) in paragraph at lines 707--722
 [][] 
 []

[37]

LaTeX Warning: `h' float specifier changed to `ht'.

<Bilder/ModelSummary.png, id=853, 457.71pt x 1850.915pt>
File: Bilder/ModelSummary.png Graphic file (type png)
<use Bilder/ModelSummary.png>
Package pdftex.def Info: Bilder/ModelSummary.png  used on input line 773.
(pdftex.def)             Requested size: 301.125pt x 669.50125pt.
File: Bilder/ModelSummary.png Graphic file (type png)
<use Bilder/ModelSummary.png>
Package pdftex.def Info: Bilder/ModelSummary.png  used on input line 776.
(pdftex.def)             Requested size: 315.17749pt x 883.29999pt.

LaTeX Warning: Float too large for page by 180.5169pt on input line 777.

File: Bilder/ModelSummary.png Graphic file (type png)
<use Bilder/ModelSummary.png>
Package pdftex.def Info: Bilder/ModelSummary.png  used on input line 779.
(pdftex.def)             Requested size: 456.70624pt x 511.91249pt.

Overfull \hbox (15.68849pt too wide) in paragraph at lines 779--780
[][] 
 []

[38]

LaTeX Warning: `h' float specifier changed to `ht'.


LaTeX Warning: `h' float specifier changed to `ht'.


LaTeX Warning: `h' float specifier changed to `ht'.

<Bilder/loss_history.png, id=863, 433.62pt x 289.08pt>
File: Bilder/loss_history.png Graphic file (type png)
<use Bilder/loss_history.png>
Package pdftex.def Info: Bilder/loss_history.png  used on input line 791.
(pdftex.def)             Requested size: 441.01775pt x 294.02841pt.
<Bilder/accuracy_history.png, id=864, 433.62pt x 289.08pt>
File: Bilder/accuracy_history.png Graphic file (type png)
<use Bilder/accuracy_history.png>
Package pdftex.def Info: Bilder/accuracy_history.png  used on input line 794.
(pdftex.def)             Requested size: 441.01775pt x 294.02841pt.

Overfull \hbox (32.29259pt too wide) in paragraph at lines 785--799
\OT1/cmtt/m/n/12 fit \OT1/cmr/m/n/12 de-ren Ver-wen-dung im ein-fach-sten Fall fol-gen-der-ma-en aus-sieht: \OT1/cmtt/m/n/12 fit(x=Trainingsdaten,
 []

[39]

LaTeX Warning: `h' float specifier changed to `ht'.

[40]
Overfull \hbox (3.70808pt too wide) in paragraph at lines 816--825
\OT1/cmr/m/n/12 [[0\OML/cmm/m/it/12 :\OT1/cmr/m/n/12 61\OML/cmm/m/it/12 ; \OT1/cmr/m/n/12 0\OML/cmm/m/it/12 :\OT1/cmr/m/n/12 30\OML/cmm/m/it/12 ; \OT1/cmr/m/n/12 0\OML/cmm/m/it/12 :\OT1/cmr/m/n/12 15\OML/cmm/m/it/12 ; \OT1/cmr/m/n/12 0\OML/cmm/m/it/12 :\OT1/cmr/m/n/12 01\OML/cmm/m/it/12 ; \OT1/cmr/m/n/12 0\OML/cmm/m/it/12 :\OT1/cmr/m/n/12 76\OML/cmm/m/it/12 ; \OT1/cmr/m/n/12 0\OML/cmm/m/it/12 :\OT1/cmr/m/n/12 95]\OML/cmm/m/it/12 ; \OT1/cmr/m/n/12 [0\OML/cmm/m/it/12 :\OT1/cmr/m/n/12 31\OML/cmm/m/it/12 ; \OT1/cmr/m/n/12 0\OML/cmm/m/it/12 :\OT1/cmr/m/n/12 22\OML/cmm/m/it/12 ; \OT1/cmr/m/n/12 0\OML/cmm/m/it/12 :\OT1/cmr/m/n/12 51\OML/cmm/m/it/12 ; \OT1/cmr/m/n/12 0\OML/cmm/m/it/12 :\OT1/cmr/m/n/12 41\OML/cmm/m/it/12 ; \OT1/cmr/m/n/12 0\OML/cmm/m/it/12 :\OT1/cmr/m/n/12 01\OML/cmm/m/it/12 ; \OT1/cmr/m/n/12 0\OML/cmm/m/it/12 :\OT1/cmr/m/n/12 55]]$ Wo-bei je-weils ein Wert
 []

[41] [42]
Underfull \hbox (badness 10000) in paragraph at lines 826--828

 []

[43] [44 <c:/Users/Kevin/Documents/OpenCVClone/Studienarbeit/Bilder/ModelSummary.png>] [45] [46] [47 <c:/Users/Kevin/Documents/OpenCVClone/Studienarbeit/Bilder/loss_history.png> <c:/Users/Kevin/Documents/OpenCVClone/Studienarbeit/Bilder/accuracy_history.png>]
Kapitel 6.
[48

] [49] [50]
Kapitel 7.
[51

]
Kapitel 8.
[52

] [53]
Overfull \hbox (8.88002pt too wide) in paragraph at lines 903--903
[][]\OT1/cmr/m/it/12 Einf[]uhrung in Ke-ras\OT1/cmr/m/n/12 . https://datasolut.com/einfuehrung-in-keras/. Ein-sicht-
 []

[54

]
Overfull \hbox (101.42902pt too wide) in paragraph at lines 903--903
[][]\OT1/cmr/m/it/12 Face re-co-gni-ti-on using Open-CV and Py-thon\OT1/cmr/m/n/12 . https://www.superdatascience.com/blogs/opencv-
 []


Overfull \hbox (43.18382pt too wide) in paragraph at lines 903--903
[][]\OT1/cmr/m/it/12 Integralbild\OT1/cmr/m/n/12 . htt-ps://de.wikipedia.org/wiki/Integralbild. Ein-sicht-nah-me: 22.03.2020.
 []


Overfull \hbox (156.09676pt too wide) in paragraph at lines 903--903
[][]\OT1/cmr/m/it/12 Opencv Do-ku-men-ta-ti-on\OT1/cmr/m/n/12 . htt-ps://docs.opencv.org/2.4/modules/contrib/doc/facerec/facerec[]tutorial.html.
 []


Overfull \hbox (190.36723pt too wide) in paragraph at lines 903--903
[][]\OT1/cmr/m/it/12 Opencv Do-ku-men-ta-ti-on\OT1/cmr/m/n/12 . htt-ps://docs.opencv.org/2.4/modules/contrib/doc/facerec/facerec[]tutorial.html#local-
 []


Overfull \hbox (145.19887pt too wide) in paragraph at lines 903--903
[][]\OT1/cmr/m/n/12 Will Ber-ger. \OT1/cmr/m/it/12 DE-EP LEAR-NING HAAR CAS-CA-DE EX-PLAI-NED\OT1/cmr/m/n/12 . http://www.willberger.org/cascade-
 []


Overfull \hbox (9.27177pt too wide) in paragraph at lines 903--903
\OT1/cmr/m/it/12 for Fa-ci-al Ex-pres-si-on Ana-ly-sis\OT1/cmr/m/n/12 . http://www.consortium.ri.cmu.edu/ckagree/.
 []


Overfull \hbox (26.3541pt too wide) in paragraph at lines 903--903
\OT1/cmr/m/it/12 phy-sio-lo-gi-schen Da-ten\OT1/cmr/m/n/12 . https://www.hci.iao.fraunhofer.de/de/Human-Centered-
 []


Overfull \hbox (14.5534pt too wide) in paragraph at lines 903--903
\OT1/cmr/m/n/12 AI/feinfuehlige-technik/KI-gestuetzte-Emotionserkennung.html. Ein-sicht-nah-
 []


Overfull \hbox (144.79388pt too wide) in paragraph at lines 903--903
[][]\OT1/cmr/m/n/12 Johannes Kuhn. \OT1/cmr/m/it/12 Emo-tio-nen sind schwer de-fi-nier-bar\OT1/cmr/m/n/12 . https://www.sueddeutsche.de/digital/smartphone-
 []


Overfull \hbox (23.55554pt too wide) in paragraph at lines 903--903
\OT1/cmr/m/n/12 software-emotionen-simulation-ki-1.4377004-2. Ein-sicht-nah-me:24.01.2020. 2019. 
 []


Overfull \hbox (4.80017pt too wide) in paragraph at lines 903--903
[][]\OT1/cmr/m/n/12 Mateusz Opa-la. \OT1/cmr/m/it/12 Top Ma-chi-ne Lear-ning Fra-me-works Com-pa-red: Scikit-Learn,
 []


Overfull \hbox (6.99194pt too wide) in paragraph at lines 903--903
\OT1/cmr/m/it/12 lernt sein\OT1/cmr/m/n/12 . https://mixed.de/kuenstliche-intelligenz-emotionserkennung-will-
 []


Overfull \hbox (18.6917pt too wide) in paragraph at lines 903--903
[][]\OT1/cmr/m/n/12 Nico Lit-zel Ste-fan Lu-ber. \OT1/cmr/m/it/12 Was ist Ke-ras? \OT1/cmr/m/n/12 https://www.bigdata-insider.de/was-
 []

[55]
Package atveryend Info: Empty hook `BeforeClearDocument' on input line 908.
Package atveryend Info: Empty hook `AfterLastShipout' on input line 908.
 (c:\Users\Kevin\Documents\OpenCVClone\Studienarbeit\Praxisarbeit-template.aux (c:\Users\Kevin\Documents\OpenCVClone\Studienarbeit\Titelseite.aux))
Package atveryend Info: Executing hook `AtVeryEndDocument' on input line 908.
Package atveryend Info: Executing hook `AtEndAfterFileList' on input line 908.
Package rerunfilecheck Info: File `Praxisarbeit-template.out' has not changed.
(rerunfilecheck)             Checksum: E24EAD4DF8024530768D3B84A17BE03D;3858.
Package logreq Info: Writing requests to 'Praxisarbeit-template.run.xml'.
\openout1 = `Praxisarbeit-template.run.xml'.

 ) 
Here is how much of TeX's memory you used:
 39942 strings out of 492484
 882819 string characters out of 3131051
 1517749 words of memory out of 3000000
 43222 multiletter control sequences out of 15000+200000
 13271 words of font info for 51 fonts, out of 3000000 for 9000
 1143 hyphenation exceptions out of 8191
 68i,12n,98p,2295b,2326s stack positions out of 5000i,500n,10000p,200000b,50000s
pdfTeX warning (dest): name{Hfootnote.36} has been referenced but does not exist, replaced by a fixed one

pdfTeX warning (dest): name{Hfootnote.35} has been referenced but does not exist, replaced by a fixed one

pdfTeX warning (dest): name{Hfootnote.34} has been referenced but does not exist, replaced by a fixed one

pdfTeX warning (dest): name{Hfootnote.33} has been referenced but does not exist, replaced by a fixed one

pdfTeX warning (dest): name{Hfootnote.32} has been referenced but does not exist, replaced by a fixed one

pdfTeX warning (dest): name{Hfootnote.31} has been referenced but does not exist, replaced by a fixed one

pdfTeX warning (dest): name{Hfootnote.30} has been referenced but does not exist, replaced by a fixed one

pdfTeX warning (dest): name{Hfootnote.29} has been referenced but does not exist, replaced by a fixed one

pdfTeX warning (dest): name{Hfootnote.28} has been referenced but does not exist, replaced by a fixed one

pdfTeX warning (dest): name{Hfootnote.27} has been referenced but does not exist, replaced by a fixed one

pdfTeX warning (dest): name{Hfootnote.26} has been referenced but does not exist, replaced by a fixed one

pdfTeX warning (dest): name{Hfootnote.25} has been referenced but does not exist, replaced by a fixed one

pdfTeX warning (dest): name{Hfootnote.24} has been referenced but does not exist, replaced by a fixed one

pdfTeX warning (dest): name{Hfootnote.23} has been referenced but does not exist, replaced by a fixed one

pdfTeX warning (dest): name{Hfootnote.22} has been referenced but does not exist, replaced by a fixed one

pdfTeX warning (dest): name{Hfootnote.21} has been referenced but does not exist, replaced by a fixed one

pdfTeX warning (dest): name{Hfootnote.20} has been referenced but does not exist, replaced by a fixed one

pdfTeX warning (dest): name{Hfootnote.19} has been referenced but does not exist, replaced by a fixed one

pdfTeX warning (dest): name{Hfootnote.18} has been referenced but does not exist, replaced by a fixed one

pdfTeX warning (dest): name{Hfootnote.17} has been referenced but does not exist, replaced by a fixed one

pdfTeX warning (dest): name{Hfootnote.16} has been referenced but does not exist, replaced by a fixed one

pdfTeX warning (dest): name{Hfootnote.15} has been referenced but does not exist, replaced by a fixed one

pdfTeX warning (dest): name{Hfootnote.14} has been referenced but does not exist, replaced by a fixed one

pdfTeX warning (dest): name{Hfootnote.13} has been referenced but does not exist, replaced by a fixed one

pdfTeX warning (dest): name{Hfootnote.12} has been referenced but does not exist, replaced by a fixed one

pdfTeX warning (dest): name{Hfootnote.11} has been referenced but does not exist, replaced by a fixed one

pdfTeX warning (dest): name{Hfootnote.10} has been referenced but does not exist, replaced by a fixed one

pdfTeX warning (dest): name{Hfootnote.9} has been referenced but does not exist, replaced by a fixed one

pdfTeX warning (dest): name{Hfootnote.8} has been referenced but does not exist, replaced by a fixed one

pdfTeX warning (dest): name{Hfootnote.7} has been referenced but does not exist, replaced by a fixed one

pdfTeX warning (dest): name{Hfootnote.6} has been referenced but does not exist, replaced by a fixed one

pdfTeX warning (dest): name{Hfootnote.5} has been referenced but does not exist, replaced by a fixed one

pdfTeX warning (dest): name{Hfootnote.4} has been referenced but does not exist, replaced by a fixed one

pdfTeX warning (dest): name{Hfootnote.3} has been referenced but does not exist, replaced by a fixed one

pdfTeX warning (dest): name{Hfootnote.2} has been referenced but does not exist, replaced by a fixed one

pdfTeX warning (dest): name{Hfootnote.1} has been referenced but does not exist, replaced by a fixed one

<C:/Program Files/MiKTeX 2.9/fonts/type1/public/amsfonts/cm/cmbx12.pfb><C:/Program Files/MiKTeX 2.9/fonts/type1/public/amsfonts/cm/cmcsc10.pfb><C:/Program Files/MiKTeX 2.9/fonts/type1/public/amsfonts/cm/cmex10.pfb><C:/Program Files/MiKTeX 2.9/fonts/type1/public/amsfonts/cm/cmmi12.pfb><C:/Program Files/MiKTeX 2.9/fonts/type1/public/amsfonts/cm/cmmi8.pfb><C:/Program Files/MiKTeX 2.9/fonts/type1/public/amsfonts/cm/cmr10.pfb><C:/Program Files/MiKTeX 2.9/fonts/type1/public/amsfonts/cm/cmr12.pfb><C:/Program Files/MiKTeX 2.9/fonts/type1/public/amsfonts/cm/cmr7.pfb><C:/Program Files/MiKTeX 2.9/fonts/type1/public/amsfonts/cm/cmr8.pfb><C:/Program Files/MiKTeX 2.9/fonts/type1/public/amsfonts/cm/cmsy10.pfb><C:/Program Files/MiKTeX 2.9/fonts/type1/public/amsfonts/cm/cmti10.pfb><C:/Program Files/MiKTeX 2.9/fonts/type1/public/amsfonts/cm/cmti12.pfb><C:/Program Files/MiKTeX 2.9/fonts/type1/public/amsfonts/cm/cmtt12.pfb>
Output written on c:\Users\Kevin\Documents\OpenCVClone\Studienarbeit\Praxisarbeit-template.pdf (61 pages, 5035579 bytes).
PDF statistics:
 1092 PDF objects out of 1200 (max. 8388607)
 388 named destinations out of 1000 (max. 500000)
 571 words of extra memory for PDF output out of 10000 (max. 10000000)

